Determining if the pthread_create exist failed with the following output:
Change Dir: /home/pw0rld/Desktop/sample_test/four/Distributed-TEE-systems-niu/test_demo/Narrator/AE_Client/build/CMakeFiles/CMakeTmp

Run Build Command:"/usr/bin/make" "cmTC_d0587/fast"
/usr/bin/make -f CMakeFiles/cmTC_d0587.dir/build.make CMakeFiles/cmTC_d0587.dir/build
make[1]: Entering directory '/home/pw0rld/Desktop/sample_test/four/Distributed-TEE-systems-niu/test_demo/Narrator/AE_Client/build/CMakeFiles/CMakeTmp'
Building C object CMakeFiles/cmTC_d0587.dir/CheckSymbolExists.c.o
/usr/bin/clang-10    -o CMakeFiles/cmTC_d0587.dir/CheckSymbolExists.c.o   -c /home/pw0rld/Desktop/sample_test/four/Distributed-TEE-systems-niu/test_demo/Narrator/AE_Client/build/CMakeFiles/CMakeTmp/CheckSymbolExists.c
Linking C executable cmTC_d0587
/usr/local/cmake-3.13.1-Linux-x86_64/bin/cmake -E cmake_link_script CMakeFiles/cmTC_d0587.dir/link.txt --verbose=1
/usr/bin/clang-10      CMakeFiles/cmTC_d0587.dir/CheckSymbolExists.c.o  -o cmTC_d0587 
/usr/bin/ld: CMakeFiles/cmTC_d0587.dir/CheckSymbolExists.c.o: in function `main':
CheckSymbolExists.c:(.text+0x19): undefined reference to `pthread_create'
clang: error: linker command failed with exit code 1 (use -v to see invocation)
make[1]: *** [CMakeFiles/cmTC_d0587.dir/build.make:87: cmTC_d0587] Error 1
make[1]: Leaving directory '/home/pw0rld/Desktop/sample_test/four/Distributed-TEE-systems-niu/test_demo/Narrator/AE_Client/build/CMakeFiles/CMakeTmp'
make: *** [Makefile:121: cmTC_d0587/fast] Error 2

File /home/pw0rld/Desktop/sample_test/four/Distributed-TEE-systems-niu/test_demo/Narrator/AE_Client/build/CMakeFiles/CMakeTmp/CheckSymbolExists.c:
/* */
#include <pthread.h>

int main(int argc, char** argv)
{
  (void)argv;
#ifndef pthread_create
  return ((int*)(&pthread_create))[argc];
#else
  (void)argc;
  return 0;
#endif
}

Determining if the function pthread_create exists in the pthreads failed with the following output:
Change Dir: /home/pw0rld/Desktop/sample_test/four/Distributed-TEE-systems-niu/test_demo/Narrator/AE_Client/build/CMakeFiles/CMakeTmp

Run Build Command:"/usr/bin/make" "cmTC_0113e/fast"
/usr/bin/make -f CMakeFiles/cmTC_0113e.dir/build.make CMakeFiles/cmTC_0113e.dir/build
make[1]: Entering directory '/home/pw0rld/Desktop/sample_test/four/Distributed-TEE-systems-niu/test_demo/Narrator/AE_Client/build/CMakeFiles/CMakeTmp'
Building C object CMakeFiles/cmTC_0113e.dir/CheckFunctionExists.c.o
/usr/bin/clang-10   -DCHECK_FUNCTION_EXISTS=pthread_create   -o CMakeFiles/cmTC_0113e.dir/CheckFunctionExists.c.o   -c /usr/local/cmake-3.13.1-Linux-x86_64/share/cmake-3.13/Modules/CheckFunctionExists.c
Linking C executable cmTC_0113e
/usr/local/cmake-3.13.1-Linux-x86_64/bin/cmake -E cmake_link_script CMakeFiles/cmTC_0113e.dir/link.txt --verbose=1
/usr/bin/clang-10  -DCHECK_FUNCTION_EXISTS=pthread_create    CMakeFiles/cmTC_0113e.dir/CheckFunctionExists.c.o  -o cmTC_0113e -lpthreads 
/usr/bin/ld: cannot find -lpthreads
clang: error: linker command failed with exit code 1 (use -v to see invocation)
make[1]: *** [CMakeFiles/cmTC_0113e.dir/build.make:87: cmTC_0113e] Error 1
make[1]: Leaving directory '/home/pw0rld/Desktop/sample_test/four/Distributed-TEE-systems-niu/test_demo/Narrator/AE_Client/build/CMakeFiles/CMakeTmp'
make: *** [Makefile:121: cmTC_0113e/fast] Error 2


