Performing C SOURCE FILE Test CMAKE_HAVE_LIBC_PTHREAD failed with the following output:
Change Dir: /home/cooper/Desktop/Narrator/AE_Client/cmake-build-debug/CMakeFiles/CMakeTmp

Run Build Command(s):/home/cooper/.cache/JetBrains/RemoteDev/dist/880329aca0c3c_CLion-2022.1.3/bin/ninja/linux/ninja cmTC_8b86e && [1/2] Building C object CMakeFiles/cmTC_8b86e.dir/src.c.o
[2/2] Linking C executable cmTC_8b86e
FAILED: cmTC_8b86e 
: && /usr/bin/clang-10   CMakeFiles/cmTC_8b86e.dir/src.c.o -o cmTC_8b86e   && :
/usr/bin/ld: CMakeFiles/cmTC_8b86e.dir/src.c.o: in function `main':
src.c:(.text+0x25): undefined reference to `pthread_create'
/usr/bin/ld: src.c:(.text+0x31): undefined reference to `pthread_detach'
/usr/bin/ld: src.c:(.text+0x3d): undefined reference to `pthread_cancel'
/usr/bin/ld: src.c:(.text+0x4f): undefined reference to `pthread_join'
clang: error: linker command failed with exit code 1 (use -v to see invocation)
ninja: build stopped: subcommand failed.


Source file was:
#include <pthread.h>

static void* test_func(void* data)
{
  return data;
}

int main(void)
{
  pthread_t thread;
  pthread_create(&thread, NULL, test_func, NULL);
  pthread_detach(thread);
  pthread_cancel(thread);
  pthread_join(thread, NULL);
  pthread_atfork(NULL, NULL, NULL);
  pthread_exit(NULL);

  return 0;
}

Determining if the function pthread_create exists in the pthreads failed with the following output:
Change Dir: /home/cooper/Desktop/Narrator/AE_Client/cmake-build-debug/CMakeFiles/CMakeTmp

Run Build Command(s):/home/cooper/.cache/JetBrains/RemoteDev/dist/880329aca0c3c_CLion-2022.1.3/bin/ninja/linux/ninja cmTC_18f58 && [1/2] Building C object CMakeFiles/cmTC_18f58.dir/CheckFunctionExists.c.o
[2/2] Linking C executable cmTC_18f58
FAILED: cmTC_18f58 
: && /usr/bin/clang-10 -DCHECK_FUNCTION_EXISTS=pthread_create  CMakeFiles/cmTC_18f58.dir/CheckFunctionExists.c.o -o cmTC_18f58  -lpthreads && :
/usr/bin/ld: cannot find -lpthreads
clang: error: linker command failed with exit code 1 (use -v to see invocation)
ninja: build stopped: subcommand failed.



